<?xml version="1.0" encoding="UTF-8"?>
<!-- Generated by org.testng.reporters.JUnitReportReporter -->
<testsuite hostname="N303MNQ633" failures="0" tests="4" name="com.stableint.peacocktv.generators.PremiumPlusAccuntGenerator" time="116.145" errors="0" timestamp="2022-07-12T16:30:36 EDT" skipped="0">
  <testcase classname="com.stableint.peacocktv.generators.PremiumPlusAccuntGenerator" name="openBrowser" time="4.257"/>
  <system-out/>
  <testcase classname="com.stableint.peacocktv.generators.PremiumPlusAccuntGenerator" name="premiumAccountTest" time="58.304"/>
  <system-out/>
  <testcase classname="com.stableint.peacocktv.generators.PremiumPlusAccuntGenerator" name="premiumAccountTest" time="53.583"/>
  <system-out/>
  <testcase classname="com.stableint.peacocktv.generators.PremiumPlusAccuntGenerator" name="closeDriver" time="0.001"/>
  <system-out/>
</testsuite> <!-- com.stableint.peacocktv.generators.PremiumPlusAccuntGenerator -->
