<?xml version="1.0" encoding="UTF-8"?>
<!-- Generated by org.testng.reporters.JUnitReportReporter -->
<testsuite hostname="N303MNQ633" failures="0" tests="4" name="com.stableint.peacocktv.generators.PremiumAccountsGenerator" time="120.384" errors="0" timestamp="2022-07-12T16:27:48 EDT" skipped="0">
  <testcase classname="com.stableint.peacocktv.generators.PremiumAccountsGenerator" name="openBrowser" time="4.880"/>
  <system-out/>
  <testcase classname="com.stableint.peacocktv.generators.PremiumAccountsGenerator" name="premiumAccountTest" time="55.694"/>
  <system-out/>
  <testcase classname="com.stableint.peacocktv.generators.PremiumAccountsGenerator" name="premiumAccountTest" time="59.809"/>
  <system-out/>
  <testcase classname="com.stableint.peacocktv.generators.PremiumAccountsGenerator" name="closeDriver" time="0.001"/>
  <system-out/>
</testsuite> <!-- com.stableint.peacocktv.generators.PremiumAccountsGenerator -->
