<?xml version="1.0" encoding="UTF-8"?>
<!-- Generated by org.testng.reporters.JUnitReportReporter -->
<testsuite hostname="Mds-MacBook-Air.local" failures="0" tests="4" name="com.stableint.peacocktv.generators.FreeAccountsGenerator" time="85.254" errors="0" timestamp="2022-08-11T15:30:02 EDT" skipped="0">
  <testcase classname="com.stableint.peacocktv.generators.FreeAccountsGenerator" name="openBrowser" time="16.539"/>
  <system-out/>
  <testcase classname="com.stableint.peacocktv.generators.FreeAccountsGenerator" name="freeAccountTest" time="27.491"/>
  <system-out/>
  <testcase classname="com.stableint.peacocktv.generators.FreeAccountsGenerator" name="freeAccountTest" time="41.224"/>
  <system-out/>
  <testcase classname="com.stableint.peacocktv.generators.FreeAccountsGenerator" name="closeDriver" time="0.000"/>
  <system-out/>
</testsuite> <!-- com.stableint.peacocktv.generators.FreeAccountsGenerator -->
